[0001] 200 https://outputmarketing.lovable.app/ -> outputmarketing.lovable.app/index.html/index.html
[ERR ] https://fonts.googleapis.com <- https://outputmarketing.lovable.app/ :: HTTP 404
[ERR ] https://fonts.gstatic.com <- https://outputmarketing.lovable.app/ :: HTTP 404
[0002] 200 https://fonts.googleapis.com/css2?family=Inter%3Aopsz%2Cwght%4014..32%2C400%3B14..32%2C500%3B14..32%2C600%3B14..32%2C700&display=swap -> fonts.googleapis.com/css2__q_781d8a18ee.bin
[0003] 200 https://outputmarketing.lovable.app/assets/index-BhQQ2KBa.css -> outputmarketing.lovable.app/assets/index-BhQQ2KBa.css
[0004] 200 https://outputmarketing.lovable.app/assets/index-4qXAeFEh.js -> outputmarketing.lovable.app/assets/index-4qXAeFEh.js
[0005] 200 https://outputmarketing.lovable.app/~flock.js -> outputmarketing.lovable.app/~flock.js
[0006] 200 https://fonts.gstatic.com/s/inter/v20/UcCO3FwrK3iLTeHuS_nVMrMxCp50SjIw2boKoduKmMEVuLyfMZg.ttf -> fonts.gstatic.com/s/inter/v20/UcCO3FwrK3iLTeHuS_nVMrMxCp50SjIw2boKoduKmMEVuLyfMZg.ttf
[0007] 200 https://fonts.gstatic.com/s/inter/v20/UcCO3FwrK3iLTeHuS_nVMrMxCp50qjIw2boKoduKmMEVuLyfMZg.ttf -> fonts.gstatic.com/s/inter/v20/UcCO3FwrK3iLTeHuS_nVMrMxCp50qjIw2boKoduKmMEVuLyfMZg.ttf
[0008] 200 https://fonts.gstatic.com/s/inter/v20/UcCO3FwrK3iLTeHuS_nVMrMxCp50ojIw2boKoduKmMEVuLyfMZg.ttf -> fonts.gstatic.com/s/inter/v20/UcCO3FwrK3iLTeHuS_nVMrMxCp50ojIw2boKoduKmMEVuLyfMZg.ttf
[0009] 200 https://fonts.gstatic.com/s/inter/v20/UcCO3FwrK3iLTeHuS_nVMrMxCp50ujIw2boKoduKmMEVuLyfMZg.ttf -> fonts.gstatic.com/s/inter/v20/UcCO3FwrK3iLTeHuS_nVMrMxCp50ujIw2boKoduKmMEVuLyfMZg.ttf
[0010] 200 https://fonts.gstatic.com/s/inter/v20/UcCO3FwrK3iLTeHuS_nVMrMxCp50ijIw2boKoduKmMEVuLyfMZg.ttf -> fonts.gstatic.com/s/inter/v20/UcCO3FwrK3iLTeHuS_nVMrMxCp50ijIw2boKoduKmMEVuLyfMZg.ttf
[0011] 200 https://fonts.gstatic.com/s/inter/v20/UcCO3FwrK3iLTeHuS_nVMrMxCp506jIw2boKoduKmMEVuLyfMZg.ttf -> fonts.gstatic.com/s/inter/v20/UcCO3FwrK3iLTeHuS_nVMrMxCp506jIw2boKoduKmMEVuLyfMZg.ttf
[0012] 200 https://fonts.gstatic.com/s/inter/v20/UcCO3FwrK3iLTeHuS_nVMrMxCp50yjIw2boKoduKmMEVuLyfMZg.ttf -> fonts.gstatic.com/s/inter/v20/UcCO3FwrK3iLTeHuS_nVMrMxCp50yjIw2boKoduKmMEVuLyfMZg.ttf
[0013] 200 https://fonts.gstatic.com/s/inter/v20/UcCO3FwrK3iLTeHuS_nVMrMxCp50SjIw2boKoduKmMEVuI6fMZg.ttf -> fonts.gstatic.com/s/inter/v20/UcCO3FwrK3iLTeHuS_nVMrMxCp50SjIw2boKoduKmMEVuI6fMZg.ttf
[0014] 200 https://fonts.gstatic.com/s/inter/v20/UcCO3FwrK3iLTeHuS_nVMrMxCp50qjIw2boKoduKmMEVuI6fMZg.ttf -> fonts.gstatic.com/s/inter/v20/UcCO3FwrK3iLTeHuS_nVMrMxCp50qjIw2boKoduKmMEVuI6fMZg.ttf
[0015] 200 https://fonts.gstatic.com/s/inter/v20/UcCO3FwrK3iLTeHuS_nVMrMxCp50ojIw2boKoduKmMEVuI6fMZg.ttf -> fonts.gstatic.com/s/inter/v20/UcCO3FwrK3iLTeHuS_nVMrMxCp50ojIw2boKoduKmMEVuI6fMZg.ttf
[0016] 200 https://fonts.gstatic.com/s/inter/v20/UcCO3FwrK3iLTeHuS_nVMrMxCp50ujIw2boKoduKmMEVuI6fMZg.ttf -> fonts.gstatic.com/s/inter/v20/UcCO3FwrK3iLTeHuS_nVMrMxCp50ujIw2boKoduKmMEVuI6fMZg.ttf
[0017] 200 https://fonts.gstatic.com/s/inter/v20/UcCO3FwrK3iLTeHuS_nVMrMxCp50ijIw2boKoduKmMEVuI6fMZg.ttf -> fonts.gstatic.com/s/inter/v20/UcCO3FwrK3iLTeHuS_nVMrMxCp50ijIw2boKoduKmMEVuI6fMZg.ttf
[0018] 200 https://fonts.gstatic.com/s/inter/v20/UcCO3FwrK3iLTeHuS_nVMrMxCp506jIw2boKoduKmMEVuI6fMZg.ttf -> fonts.gstatic.com/s/inter/v20/UcCO3FwrK3iLTeHuS_nVMrMxCp506jIw2boKoduKmMEVuI6fMZg.ttf
[0019] 200 https://fonts.gstatic.com/s/inter/v20/UcCO3FwrK3iLTeHuS_nVMrMxCp50yjIw2boKoduKmMEVuI6fMZg.ttf -> fonts.gstatic.com/s/inter/v20/UcCO3FwrK3iLTeHuS_nVMrMxCp50yjIw2boKoduKmMEVuI6fMZg.ttf
[0020] 200 https://fonts.gstatic.com/s/inter/v20/UcCO3FwrK3iLTeHuS_nVMrMxCp50SjIw2boKoduKmMEVuGKYMZg.ttf -> fonts.gstatic.com/s/inter/v20/UcCO3FwrK3iLTeHuS_nVMrMxCp50SjIw2boKoduKmMEVuGKYMZg.ttf
[0021] 200 https://fonts.gstatic.com/s/inter/v20/UcCO3FwrK3iLTeHuS_nVMrMxCp50qjIw2boKoduKmMEVuGKYMZg.ttf -> fonts.gstatic.com/s/inter/v20/UcCO3FwrK3iLTeHuS_nVMrMxCp50qjIw2boKoduKmMEVuGKYMZg.ttf
[0022] 200 https://fonts.gstatic.com/s/inter/v20/UcCO3FwrK3iLTeHuS_nVMrMxCp50ojIw2boKoduKmMEVuGKYMZg.ttf -> fonts.gstatic.com/s/inter/v20/UcCO3FwrK3iLTeHuS_nVMrMxCp50ojIw2boKoduKmMEVuGKYMZg.ttf
[0023] 200 https://fonts.gstatic.com/s/inter/v20/UcCO3FwrK3iLTeHuS_nVMrMxCp50ujIw2boKoduKmMEVuGKYMZg.ttf -> fonts.gstatic.com/s/inter/v20/UcCO3FwrK3iLTeHuS_nVMrMxCp50ujIw2boKoduKmMEVuGKYMZg.ttf
[0024] 200 https://fonts.gstatic.com/s/inter/v20/UcCO3FwrK3iLTeHuS_nVMrMxCp50ijIw2boKoduKmMEVuGKYMZg.ttf -> fonts.gstatic.com/s/inter/v20/UcCO3FwrK3iLTeHuS_nVMrMxCp50ijIw2boKoduKmMEVuGKYMZg.ttf
[0025] 200 https://fonts.gstatic.com/s/inter/v20/UcCO3FwrK3iLTeHuS_nVMrMxCp506jIw2boKoduKmMEVuGKYMZg.ttf -> fonts.gstatic.com/s/inter/v20/UcCO3FwrK3iLTeHuS_nVMrMxCp506jIw2boKoduKmMEVuGKYMZg.ttf
[0026] 200 https://fonts.gstatic.com/s/inter/v20/UcCO3FwrK3iLTeHuS_nVMrMxCp50yjIw2boKoduKmMEVuGKYMZg.ttf -> fonts.gstatic.com/s/inter/v20/UcCO3FwrK3iLTeHuS_nVMrMxCp50yjIw2boKoduKmMEVuGKYMZg.ttf
[0027] 200 https://fonts.gstatic.com/s/inter/v20/UcCO3FwrK3iLTeHuS_nVMrMxCp50SjIw2boKoduKmMEVuFuYMZg.ttf -> fonts.gstatic.com/s/inter/v20/UcCO3FwrK3iLTeHuS_nVMrMxCp50SjIw2boKoduKmMEVuFuYMZg.ttf
[0028] 200 https://fonts.gstatic.com/s/inter/v20/UcCO3FwrK3iLTeHuS_nVMrMxCp50qjIw2boKoduKmMEVuFuYMZg.ttf -> fonts.gstatic.com/s/inter/v20/UcCO3FwrK3iLTeHuS_nVMrMxCp50qjIw2boKoduKmMEVuFuYMZg.ttf
[0029] 200 https://fonts.gstatic.com/s/inter/v20/UcCO3FwrK3iLTeHuS_nVMrMxCp50ojIw2boKoduKmMEVuFuYMZg.ttf -> fonts.gstatic.com/s/inter/v20/UcCO3FwrK3iLTeHuS_nVMrMxCp50ojIw2boKoduKmMEVuFuYMZg.ttf
[0030] 200 https://fonts.gstatic.com/s/inter/v20/UcCO3FwrK3iLTeHuS_nVMrMxCp50ujIw2boKoduKmMEVuFuYMZg.ttf -> fonts.gstatic.com/s/inter/v20/UcCO3FwrK3iLTeHuS_nVMrMxCp50ujIw2boKoduKmMEVuFuYMZg.ttf
[0031] 200 https://fonts.gstatic.com/s/inter/v20/UcCO3FwrK3iLTeHuS_nVMrMxCp50ijIw2boKoduKmMEVuFuYMZg.ttf -> fonts.gstatic.com/s/inter/v20/UcCO3FwrK3iLTeHuS_nVMrMxCp50ijIw2boKoduKmMEVuFuYMZg.ttf
[0032] 200 https://fonts.gstatic.com/s/inter/v20/UcCO3FwrK3iLTeHuS_nVMrMxCp506jIw2boKoduKmMEVuFuYMZg.ttf -> fonts.gstatic.com/s/inter/v20/UcCO3FwrK3iLTeHuS_nVMrMxCp506jIw2boKoduKmMEVuFuYMZg.ttf
[0033] 200 https://fonts.gstatic.com/s/inter/v20/UcCO3FwrK3iLTeHuS_nVMrMxCp50yjIw2boKoduKmMEVuFuYMZg.ttf -> fonts.gstatic.com/s/inter/v20/UcCO3FwrK3iLTeHuS_nVMrMxCp50yjIw2boKoduKmMEVuFuYMZg.ttf
[0034] 200 https://outputmarketing.lovable.app/assets/vanessa-about-CnbkvwU8.jpg -> outputmarketing.lovable.app/assets/vanessa-about-CnbkvwU8.jpg
[0035] 200 https://outputmarketing.lovable.app/assets/logo-fireflies-BbNdruBj.svg -> outputmarketing.lovable.app/assets/logo-fireflies-BbNdruBj.svg
[0036] 200 https://outputmarketing.lovable.app/assets/badge-webby-GiZpFax2.svg -> outputmarketing.lovable.app/assets/badge-webby-GiZpFax2.svg
[0037] 200 https://outputmarketing.lovable.app/assets/badge-cannes-D4AzXDdK.svg -> outputmarketing.lovable.app/assets/badge-cannes-D4AzXDdK.svg
[0038] 200 https://outputmarketing.lovable.app/assets/badge-ie-gkpZ5uHV.svg -> outputmarketing.lovable.app/assets/badge-ie-gkpZ5uHV.svg
[0039] 200 https://outputmarketing.lovable.app/assets/angel-photo-Duvm9j-b.jpeg -> outputmarketing.lovable.app/assets/angel-photo-Duvm9j-b.jpeg
[0040] 200 https://outputmarketing.lovable.app/assets/emmily-photo-mYn-KdIG.jpeg -> outputmarketing.lovable.app/assets/emmily-photo-mYn-KdIG.jpeg
[0041] 200 https://outputmarketing.lovable.app/assets/logo-fireflies-DNsa9HyO.png -> outputmarketing.lovable.app/assets/logo-fireflies-DNsa9HyO.png
[0042] 200 https://outputmarketing.lovable.app/assets/badge-webby-BKLZrjS9.png -> outputmarketing.lovable.app/assets/badge-webby-BKLZrjS9.png
[0043] 200 https://outputmarketing.lovable.app/assets/badge-cannes-DSImpRwP.png -> outputmarketing.lovable.app/assets/badge-cannes-DSImpRwP.png

=== SUMMARY ===
{
  "target": "https://outputmarketing.lovable.app/",
  "saved_file_count": 43,
  "fetched_url_count": 45,
  "error_count": 2
}
First error: {'url': 'https://fonts.googleapis.com', 'referrer': 'https://outputmarketing.lovable.app/', 'kind': 'asset', 'error': 'HTTP 404'}
